1600474605351	geckodriver	INFO	Listening on 127.0.0.1:49838
1600474608379	mozrunner::runner	INFO	Running command: "C:\\Program Files\\Mozilla Firefox\\firefox.exe" "--marionette" "-foreground" "-no-remote" "-profile" "C:\\Users\\DANIEL~1\\AppData\\Local\\Temp\\rust_mozprofileE2ar5y"
JavaScript error: resource://gre/modules/XULStore.jsm, line 66: Error: Can't find profile directory.
console.error: SearchCache: "_readCacheFile: Error reading cache file:" (new Error("", "(unknown module)"))
1600474612123	Marionette	INFO	Listening on port 49846
1600474612573	Marionette	WARN	TLS certificate errors will be ignored for this session
1600474641254	Marionette	INFO	Stopped listening on port 49846

###!!! [Child][RunMessage] Error: Channel closing: too late to send/recv, messages will be lost


###!!! [Child][MessageChannel::SendAndWait] Error: Channel error: cannot send/recv

1600474796222	geckodriver	INFO	Listening on 127.0.0.1:49944
1600474799281	mozrunner::runner	INFO	Running command: "C:\\Program Files\\Mozilla Firefox\\firefox.exe" "--marionette" "-foreground" "-no-remote" "-profile" "C:\\Users\\DANIEL~1\\AppData\\Local\\Temp\\rust_mozprofilemy5q9t"
JavaScript error: resource://gre/modules/XULStore.jsm, line 66: Error: Can't find profile directory.
console.error: SearchCache: "_readCacheFile: Error reading cache file:" (new Error("", "(unknown module)"))
1600474803211	Marionette	INFO	Listening on port 49953
1600474803433	Marionette	WARN	TLS certificate errors will be ignored for this session
JavaScript error: resource://gre/modules/UrlClassifierListManager.jsm, line 691: TypeError: this.tablesData[table] is undefined
1600474809158	Marionette	INFO	Stopped listening on port 49951600474811535	mozrunner::runner	INFO	Running command: "C:\\Program Files\\Mozilla Firefox\\firefox.exe" "--marionette" "-foreground" "-no-remote" "-profile" "C:\\Users\\DANIEL~1\\AppData\\Local\\Temp\\rust_mozprofilemfmJax"
JavaScript error: resource://gre/modules/XULStore.jsm, line 66: Error: Can't find profile directory.
console.error: SearchCache: "_readCacheFile: Error reading cache file:" (new Error("", "(unknown module)"))
1600474815195	Marionette	INFO	Listening on port 49993
1600474815229	Marionette	WARN	TLS certificate errors will be ignored for this session
[Child 9100, Chrome_ChildThread] WARNING: pipe error: 232: file /builds/worker/checkouts/gecko/ipc/chromium/src/chrome/common/ipc_channel_win.cc, line 545
JavaScript error: resource://gre/modules/UrlClassifierListManager.jsm, line 691: TypeError: this.tablesData[table] is undefined
1600474822003	Marionette	INFO	Stopped listening on port 49993

###!!! [Child][RunMessage] Error: Channel closing: too late to send/recv, messages will be lost


###!!! [Child][MessageChannel::SendAndWait] Error: Channel error: cannot send/recv

1600474825024	geckodriver	INFO	Listening on 127.0.0.1:50035
1600474828050	mozrunner::runner	INFO	Running command: "C:\\Program Files\\Mozilla Firefox\\firefox.exe" "--marionette" "-foreground" "-no-remote" "-profile" "C:\\Users\\DANIEL~1\\AppData\\Local\\Temp\\rust_mozprofilehVlQde"
JavaScript error: resource://gre/modules/XULStore.jsm, line 66: Error: Can't find profile directory.
console.error: SearchCache: "_readCacheFile: Error reading cache file:" (new Error("", "(unknown module)"))
1600474831827	Marionette	INFO	Listening on port 50043
1600474832227	Marionette	WARN	TLS certificate errors will be ignored for this session
[Parent 10504, Gecko_IOThread] WARNING: file /builds/worker/checkouts/gecko/ipc/chromium/src/base/process_util_win.cc, line 166
1600474835776	Marionette	INFO	Stopped listening on port 50043

###!!! [Child][RunMessage] Error: Channel closing: too late to send/recv, messages will be lost


###!!! [Child][MessageChannel::SendAndWait] Error: Channel error: cannot send/recv

1600475030203	geckodriver	INFO	Listening on 127.0.0.1:50086
1600475033262	mozrunner::runner	INFO	Running command: "C:\\Program Files\\Mozilla Firefox\\firefox.exe" "--marionette" "-foreground" "-no-remote" "-profile" "C:\\Users\\DANIEL~1\\AppData\\Local\\Temp\\rust_mozprofileGLHRel"
JavaScript error: resource://gre/modules/XULStore.jsm, line 66: Error: Can't find profile directory.
console.error: SearchCache: "_readCacheFile: Error reading cache file:" (new Error("", "(unknown module)"))
1600475036846	Marionette	INFO	Listening on port 50095
1600475036931	Marionette	WARN	TLS certificate errors will be ignored for this session
1600475094678	Marionette	INFO	Stopped listening on port 50095

###!!! [Child][RunMessage] Error: Channel closing: too late to send/recv, messages will be lost


###!!! [Child][MessageChannel::SendAndWait] Error: Channel error: cannot send/recv

1600475221050	geckodriver	INFO	Listening on 127.0.0.1:50145
1600475224090	mozrunner::runner	INFO	Running command: "C:\\Program Files\\Mozilla Firefox\\firefox.exe" "--marionette" "-foreground" "-no-remote" "-profile" "C:\\Users\\DANIEL~1\\AppData\\Local\\Temp\\rust_mozprofileyih7Gj"
JavaScript error: resource://gre/modules/XULStore.jsm, line 66: Error: Can't find profile directory.
console.error: SearchCache: "_readCacheFile: Error reading cache file:" (new Error("", "(unknown module)"))
1600475227664	Marionette	INFO	Listening on port 50153
1600475227727	Marionette	WARN	TLS certificate errors will be ignored for this session
1600475247050	Marionette	INFO	Stopped listening on port 50153

###!!! [Child][RunMessage] Error: Channel closing: too late to send/recv, messages will be lost


###!!! [Child][MessageChannel::SendAndWait] Error: Channel error: cannot send/recv

1600475304926	geckodriver	INFO	Listening on 127.0.0.1:50184
1600475307988	mozrunner::runner	INFO	Running command: "C:\\Program Files\\Mozilla Firefox\\firefox.exe" "--marionette" "-foreground" "-no-remote" "-profile" "C:\\Users\\DANIEL~1\\AppData\\Local\\Temp\\rust_mozprofileqFUTdm"
JavaScript error: resource://gre/modules/XULStore.jsm, line 66: Error: Can't find profile directory.
console.error: SearchCache: "_readCacheFile: Error reading cache file:" (new Error("", "(unknown module)"))
1600475311640	Marionette	INFO	Listening on port 50192
1600475311709	Marionette	WARN	TLS certificate errors will be ignored for this session
1600475326991	Marionette	INFO	Stopped listening on port 50192

###!!! [Child][RunMessage] Error: Channel closing: too late to send/recv, messages will be lost


###!!! [Child][MessageChannel::SendAndWait] Error: Channel error: cannot send/recv

